\BOOKMARK [0][-]{chapter.1}{Introduction}{}% 1
\BOOKMARK [1][-]{section.1.1}{Overview of Virtualization}{chapter.1}% 2
\BOOKMARK [1][-]{section.1.2}{Scope of the Seminar}{chapter.1}% 3
\BOOKMARK [0][-]{chapter.2}{Background}{}% 4
\BOOKMARK [1][-]{section.2.1}{Memory Management in Native Systems}{chapter.2}% 5
\BOOKMARK [1][-]{section.2.2}{Challenges to Virtualizing Memory}{chapter.2}% 6
\BOOKMARK [0][-]{chapter.3}{Memory Virtualization}{}% 7
\BOOKMARK [1][-]{section.3.1}{Physical Memory Allocation Model in Virtualized Systems}{chapter.3}% 8
\BOOKMARK [1][-]{section.3.2}{Techniques of Virtualizing the MMU}{chapter.3}% 9
\BOOKMARK [2][-]{subsection.3.2.1}{Shadow Paging}{section.3.2}% 10
\BOOKMARK [2][-]{subsection.3.2.2}{Direct Paging}{section.3.2}% 11
\BOOKMARK [2][-]{subsection.3.2.3}{Nested Page Tables}{section.3.2}% 12
\BOOKMARK [1][-]{section.3.3}{Comparison of Memory Virtualization Techniques}{chapter.3}% 13
\BOOKMARK [1][-]{section.3.4}{Optimizations to Memory Virtualization Techniques}{chapter.3}% 14
\BOOKMARK [2][-]{subsection.3.4.1}{Combining Shadow Paging \046 Nested Page Table}{section.3.4}% 15
\BOOKMARK [2][-]{subsection.3.4.2}{Reducing the number of Memory Accesses while using Nested Page Table}{section.3.4}% 16
\BOOKMARK [0][-]{chapter.4}{Managing Virtualized Memory}{}% 17
\BOOKMARK [1][-]{section.4.1}{Techniques of Memory \(Re\)allocation}{chapter.4}% 18
\BOOKMARK [2][-]{subsection.4.1.1}{Demand Paging}{section.4.1}% 19
\BOOKMARK [2][-]{subsection.4.1.2}{Ballooning}{section.4.1}% 20
\BOOKMARK [2][-]{subsection.4.1.3}{Content based Page Sharing}{section.4.1}% 21
\BOOKMARK [1][-]{section.4.2}{Determining Memory Usage Statistics}{chapter.4}% 22
\BOOKMARK [2][-]{subsection.4.2.1}{Sampling based WSS estimation}{section.4.2}% 23
\BOOKMARK [2][-]{subsection.4.2.2}{Page Miss Ratio Curve based approach}{section.4.2}% 24
\BOOKMARK [1][-]{section.4.3}{Virtualized Memory Management for Applications that manage their own Memory}{chapter.4}% 25
\BOOKMARK [0][-]{chapter.5}{Conclusion}{}% 26
